2026-03-10 17:11:48 [] INFO  c.a.backend.BankBackendApplication - Starting BankBackendApplication using Java 21.0.7 with PID 6418 (/home/baktiyar/java/bank-backend/target/classes started by baktiyar in /home/baktiyar/java/bank-backend)
2026-03-10 17:11:48 [] INFO  c.a.backend.BankBackendApplication - No active profile set, falling back to 1 default profile: "default"
2026-03-10 17:11:49 [] INFO  o.h.validator.internal.util.Version - HV000001: Hibernate Validator 9.0.1.Final
2026-03-10 17:11:50 [] INFO  o.s.d.r.c.RepositoryConfigurationDelegate - Bootstrapping Spring Data JPA repositories in DEFAULT mode.
2026-03-10 17:11:50 [] INFO  o.s.d.r.c.RepositoryConfigurationDelegate - Finished Spring Data repository scanning in 79 ms. Found 2 JPA repository interfaces.
2026-03-10 17:11:51 [] INFO  o.s.boot.tomcat.TomcatWebServer - Tomcat initialized with port 8080 (http)
2026-03-10 17:11:51 [] INFO  o.a.coyote.http11.Http11NioProtocol - Initializing ProtocolHandler ["http-nio-8080"]
2026-03-10 17:11:51 [] INFO  o.a.catalina.core.StandardService - Starting service [Tomcat]
2026-03-10 17:11:51 [] INFO  o.a.catalina.core.StandardEngine - Starting Servlet engine: [Apache Tomcat/11.0.18]
2026-03-10 17:11:51 [] INFO  o.s.b.w.c.s.WebApplicationContextInitializer - Root WebApplicationContext: initialization completed in 2675 ms
2026-03-10 17:11:52 [] INFO  com.zaxxer.hikari.HikariDataSource - HikariPool-1 - Starting...
2026-03-10 17:11:53 [] WARN  o.s.b.w.s.s.c.AnnotationConfigServletWebServerApplicationContext - Exception encountered during context initialization - cancelling refresh attempt: org.springframework.beans.factory.BeanCreationException: Error creating bean with name 'entityManagerFactory' defined in class path resource [org/springframework/boot/hibernate/autoconfigure/HibernateJpaConfiguration.class]: Failed to initialize dependency 'flywayInitializer' of LoadTimeWeaverAware bean 'entityManagerFactory': Error creating bean with name 'flywayInitializer' defined in class path resource [org/springframework/boot/flyway/autoconfigure/FlywayAutoConfiguration$FlywayConfiguration.class]: Unable to obtain connection from database: Ошибка при попытке подсоединения.
----------------------------------------------------------------------------
SQL State  : 08001
Error Code : 0
Message    : Ошибка при попытке подсоединения.

2026-03-10 17:11:53 [] INFO  o.a.catalina.core.StandardService - Stopping service [Tomcat]
2026-03-10 17:11:53 [] INFO  o.s.b.a.l.ConditionEvaluationReportLogger - 

Error starting ApplicationContext. To display the condition evaluation report re-run your application with 'debug' enabled.
2026-03-10 17:11:53 [] ERROR o.s.boot.SpringApplication - Application run failed
org.springframework.beans.factory.BeanCreationException: Error creating bean with name 'entityManagerFactory' defined in class path resource [org/springframework/boot/hibernate/autoconfigure/HibernateJpaConfiguration.class]: Failed to initialize dependency 'flywayInitializer' of LoadTimeWeaverAware bean 'entityManagerFactory': Error creating bean with name 'flywayInitializer' defined in class path resource [org/springframework/boot/flyway/autoconfigure/FlywayAutoConfiguration$FlywayConfiguration.class]: Unable to obtain connection from database: Ошибка при попытке подсоединения.
----------------------------------------------------------------------------
SQL State  : 08001
Error Code : 0
Message    : Ошибка при попытке подсоединения.

	at org.springframework.beans.factory.support.AbstractBeanFactory.doGetBean(AbstractBeanFactory.java:322)
	at org.springframework.beans.factory.support.AbstractBeanFactory.getBean(AbstractBeanFactory.java:201)
	at org.springframework.context.support.AbstractApplicationContext.finishBeanFactoryInitialization(AbstractApplicationContext.java:977)
	at org.springframework.context.support.AbstractApplicationContext.refresh(AbstractApplicationContext.java:621)
	at org.springframework.boot.web.server.servlet.context.ServletWebServerApplicationContext.refresh(ServletWebServerApplicationContext.java:143)
	at org.springframework.boot.SpringApplication.refresh(SpringApplication.java:756)
	at org.springframework.boot.SpringApplication.refreshContext(SpringApplication.java:445)
	at org.springframework.boot.SpringApplication.run(SpringApplication.java:321)
	at org.springframework.boot.SpringApplication.run(SpringApplication.java:1365)
	at org.springframework.boot.SpringApplication.run(SpringApplication.java:1354)
	at com.aiylbank.backend.BankBackendApplication.main(BankBackendApplication.java:10)
Caused by: org.springframework.beans.factory.BeanCreationException: Error creating bean with name 'flywayInitializer' defined in class path resource [org/springframework/boot/flyway/autoconfigure/FlywayAutoConfiguration$FlywayConfiguration.class]: Unable to obtain connection from database: Ошибка при попытке подсоединения.
----------------------------------------------------------------------------
SQL State  : 08001
Error Code : 0
Message    : Ошибка при попытке подсоединения.

	at org.springframework.beans.factory.support.AbstractAutowireCapableBeanFactory.initializeBean(AbstractAutowireCapableBeanFactory.java:1817)
	at org.springframework.beans.factory.support.AbstractAutowireCapableBeanFactory.doCreateBean(AbstractAutowireCapableBeanFactory.java:603)
	at org.springframework.beans.factory.support.AbstractAutowireCapableBeanFactory.createBean(AbstractAutowireCapableBeanFactory.java:525)
	at org.springframework.beans.factory.support.AbstractBeanFactory.lambda$doGetBean$0(AbstractBeanFactory.java:333)
	at org.springframework.beans.factory.support.DefaultSingletonBeanRegistry.getSingleton(DefaultSingletonBeanRegistry.java:371)
	at org.springframework.beans.factory.support.AbstractBeanFactory.doGetBean(AbstractBeanFactory.java:331)
	at org.springframework.beans.factory.support.AbstractBeanFactory.getBean(AbstractBeanFactory.java:196)
	at org.springframework.beans.factory.support.AbstractBeanFactory.doGetBean(AbstractBeanFactory.java:309)
	... 10 common frames omitted
Caused by: org.flywaydb.core.internal.exception.sqlExceptions.FlywaySqlUnableToConnectToDbException: Unable to obtain connection from database: Ошибка при попытке подсоединения.
----------------------------------------------------------------------------
SQL State  : 08001
Error Code : 0
Message    : Ошибка при попытке подсоединения.

	at org.flywaydb.core.internal.jdbc.JdbcUtils.openConnection(JdbcUtils.java:70)
	at org.flywaydb.core.internal.jdbc.JdbcConnectionFactory.<init>(JdbcConnectionFactory.java:76)
	at org.flywaydb.core.FlywayExecutor.execute(FlywayExecutor.java:142)
	at org.flywaydb.core.Flyway.migrate(Flyway.java:186)
	at org.springframework.boot.flyway.autoconfigure.FlywayMigrationInitializer.afterPropertiesSet(FlywayMigrationInitializer.java:67)
	at org.springframework.beans.factory.support.AbstractAutowireCapableBeanFactory.invokeInitMethods(AbstractAutowireCapableBeanFactory.java:1864)
	at org.springframework.beans.factory.support.AbstractAutowireCapableBeanFactory.initializeBean(AbstractAutowireCapableBeanFactory.java:1813)
	... 17 common frames omitted
Caused by: org.postgresql.util.PSQLException: Ошибка при попытке подсоединения.
	at org.postgresql.core.v3.ConnectionFactoryImpl.openConnectionImpl(ConnectionFactoryImpl.java:385)
	at org.postgresql.core.ConnectionFactory.openConnection(ConnectionFactory.java:57)
	at org.postgresql.jdbc.PgConnection.<init>(PgConnection.java:290)
	at org.postgresql.Driver.makeConnection(Driver.java:448)
	at org.postgresql.Driver.connect(Driver.java:298)
	at com.zaxxer.hikari.util.DriverDataSource.getConnection(DriverDataSource.java:144)
	at com.zaxxer.hikari.pool.PoolBase.newConnection(PoolBase.java:373)
	at com.zaxxer.hikari.pool.PoolBase.newPoolEntry(PoolBase.java:210)
	at com.zaxxer.hikari.pool.HikariPool.createPoolEntry(HikariPool.java:488)
	at com.zaxxer.hikari.pool.HikariPool.checkFailFast(HikariPool.java:576)
	at com.zaxxer.hikari.pool.HikariPool.<init>(HikariPool.java:97)
	at com.zaxxer.hikari.HikariDataSource.getConnection(HikariDataSource.java:111)
	at org.flywaydb.core.internal.jdbc.JdbcUtils.openConnection(JdbcUtils.java:65)
	... 23 common frames omitted
Caused by: java.net.UnknownHostException: app-db
	at java.base/sun.nio.ch.NioSocketImpl.connect(NioSocketImpl.java:567)
	at java.base/java.net.SocksSocketImpl.connect(SocksSocketImpl.java:327)
	at java.base/java.net.Socket.connect(Socket.java:751)
	at org.postgresql.core.PGStream.createSocket(PGStream.java:261)
	at org.postgresql.core.PGStream.<init>(PGStream.java:122)
	at org.postgresql.core.v3.ConnectionFactoryImpl.tryConnect(ConnectionFactoryImpl.java:146)
	at org.postgresql.core.v3.ConnectionFactoryImpl.openConnectionImpl(ConnectionFactoryImpl.java:289)
	... 35 common frames omitted
2026-03-10 17:16:48 [] INFO  c.a.backend.BankBackendApplication - Starting BankBackendApplication using Java 21.0.7 with PID 6597 (/home/baktiyar/java/bank-backend/target/classes started by baktiyar in /home/baktiyar/java/bank-backend)
2026-03-10 17:16:48 [] INFO  c.a.backend.BankBackendApplication - No active profile set, falling back to 1 default profile: "default"
2026-03-10 17:16:48 [] INFO  o.h.validator.internal.util.Version - HV000001: Hibernate Validator 9.0.1.Final
2026-03-10 17:16:49 [] INFO  o.s.d.r.c.RepositoryConfigurationDelegate - Bootstrapping Spring Data JPA repositories in DEFAULT mode.
2026-03-10 17:16:49 [] INFO  o.s.d.r.c.RepositoryConfigurationDelegate - Finished Spring Data repository scanning in 81 ms. Found 2 JPA repository interfaces.
2026-03-10 17:16:50 [] INFO  o.s.boot.tomcat.TomcatWebServer - Tomcat initialized with port 8080 (http)
2026-03-10 17:16:50 [] INFO  o.a.coyote.http11.Http11NioProtocol - Initializing ProtocolHandler ["http-nio-8080"]
2026-03-10 17:16:50 [] INFO  o.a.catalina.core.StandardService - Starting service [Tomcat]
2026-03-10 17:16:50 [] INFO  o.a.catalina.core.StandardEngine - Starting Servlet engine: [Apache Tomcat/11.0.18]
2026-03-10 17:16:50 [] INFO  o.s.b.w.c.s.WebApplicationContextInitializer - Root WebApplicationContext: initialization completed in 1944 ms
2026-03-10 17:16:51 [] INFO  com.zaxxer.hikari.HikariDataSource - HikariPool-1 - Starting...
2026-03-10 17:16:52 [] WARN  o.s.b.w.s.s.c.AnnotationConfigServletWebServerApplicationContext - Exception encountered during context initialization - cancelling refresh attempt: org.springframework.beans.factory.BeanCreationException: Error creating bean with name 'entityManagerFactory' defined in class path resource [org/springframework/boot/hibernate/autoconfigure/HibernateJpaConfiguration.class]: Failed to initialize dependency 'flywayInitializer' of LoadTimeWeaverAware bean 'entityManagerFactory': Error creating bean with name 'flywayInitializer' defined in class path resource [org/springframework/boot/flyway/autoconfigure/FlywayAutoConfiguration$FlywayConfiguration.class]: Unable to obtain connection from database: Ошибка при попытке подсоединения.
----------------------------------------------------------------------------
SQL State  : 08001
Error Code : 0
Message    : Ошибка при попытке подсоединения.

2026-03-10 17:16:52 [] INFO  o.a.catalina.core.StandardService - Stopping service [Tomcat]
2026-03-10 17:16:52 [] INFO  o.s.b.a.l.ConditionEvaluationReportLogger - 

Error starting ApplicationContext. To display the condition evaluation report re-run your application with 'debug' enabled.
2026-03-10 17:16:52 [] ERROR o.s.boot.SpringApplication - Application run failed
org.springframework.beans.factory.BeanCreationException: Error creating bean with name 'entityManagerFactory' defined in class path resource [org/springframework/boot/hibernate/autoconfigure/HibernateJpaConfiguration.class]: Failed to initialize dependency 'flywayInitializer' of LoadTimeWeaverAware bean 'entityManagerFactory': Error creating bean with name 'flywayInitializer' defined in class path resource [org/springframework/boot/flyway/autoconfigure/FlywayAutoConfiguration$FlywayConfiguration.class]: Unable to obtain connection from database: Ошибка при попытке подсоединения.
----------------------------------------------------------------------------
SQL State  : 08001
Error Code : 0
Message    : Ошибка при попытке подсоединения.

	at org.springframework.beans.factory.support.AbstractBeanFactory.doGetBean(AbstractBeanFactory.java:322)
	at org.springframework.beans.factory.support.AbstractBeanFactory.getBean(AbstractBeanFactory.java:201)
	at org.springframework.context.support.AbstractApplicationContext.finishBeanFactoryInitialization(AbstractApplicationContext.java:977)
	at org.springframework.context.support.AbstractApplicationContext.refresh(AbstractApplicationContext.java:621)
	at org.springframework.boot.web.server.servlet.context.ServletWebServerApplicationContext.refresh(ServletWebServerApplicationContext.java:143)
	at org.springframework.boot.SpringApplication.refresh(SpringApplication.java:756)
	at org.springframework.boot.SpringApplication.refreshContext(SpringApplication.java:445)
	at org.springframework.boot.SpringApplication.run(SpringApplication.java:321)
	at org.springframework.boot.SpringApplication.run(SpringApplication.java:1365)
	at org.springframework.boot.SpringApplication.run(SpringApplication.java:1354)
	at com.aiylbank.backend.BankBackendApplication.main(BankBackendApplication.java:10)
Caused by: org.springframework.beans.factory.BeanCreationException: Error creating bean with name 'flywayInitializer' defined in class path resource [org/springframework/boot/flyway/autoconfigure/FlywayAutoConfiguration$FlywayConfiguration.class]: Unable to obtain connection from database: Ошибка при попытке подсоединения.
----------------------------------------------------------------------------
SQL State  : 08001
Error Code : 0
Message    : Ошибка при попытке подсоединения.

	at org.springframework.beans.factory.support.AbstractAutowireCapableBeanFactory.initializeBean(AbstractAutowireCapableBeanFactory.java:1817)
	at org.springframework.beans.factory.support.AbstractAutowireCapableBeanFactory.doCreateBean(AbstractAutowireCapableBeanFactory.java:603)
	at org.springframework.beans.factory.support.AbstractAutowireCapableBeanFactory.createBean(AbstractAutowireCapableBeanFactory.java:525)
	at org.springframework.beans.factory.support.AbstractBeanFactory.lambda$doGetBean$0(AbstractBeanFactory.java:333)
	at org.springframework.beans.factory.support.DefaultSingletonBeanRegistry.getSingleton(DefaultSingletonBeanRegistry.java:371)
	at org.springframework.beans.factory.support.AbstractBeanFactory.doGetBean(AbstractBeanFactory.java:331)
	at org.springframework.beans.factory.support.AbstractBeanFactory.getBean(AbstractBeanFactory.java:196)
	at org.springframework.beans.factory.support.AbstractBeanFactory.doGetBean(AbstractBeanFactory.java:309)
	... 10 common frames omitted
Caused by: org.flywaydb.core.internal.exception.sqlExceptions.FlywaySqlUnableToConnectToDbException: Unable to obtain connection from database: Ошибка при попытке подсоединения.
----------------------------------------------------------------------------
SQL State  : 08001
Error Code : 0
Message    : Ошибка при попытке подсоединения.

	at org.flywaydb.core.internal.jdbc.JdbcUtils.openConnection(JdbcUtils.java:70)
	at org.flywaydb.core.internal.jdbc.JdbcConnectionFactory.<init>(JdbcConnectionFactory.java:76)
	at org.flywaydb.core.FlywayExecutor.execute(FlywayExecutor.java:142)
	at org.flywaydb.core.Flyway.migrate(Flyway.java:186)
	at org.springframework.boot.flyway.autoconfigure.FlywayMigrationInitializer.afterPropertiesSet(FlywayMigrationInitializer.java:67)
	at org.springframework.beans.factory.support.AbstractAutowireCapableBeanFactory.invokeInitMethods(AbstractAutowireCapableBeanFactory.java:1864)
	at org.springframework.beans.factory.support.AbstractAutowireCapableBeanFactory.initializeBean(AbstractAutowireCapableBeanFactory.java:1813)
	... 17 common frames omitted
Caused by: org.postgresql.util.PSQLException: Ошибка при попытке подсоединения.
	at org.postgresql.core.v3.ConnectionFactoryImpl.openConnectionImpl(ConnectionFactoryImpl.java:385)
	at org.postgresql.core.ConnectionFactory.openConnection(ConnectionFactory.java:57)
	at org.postgresql.jdbc.PgConnection.<init>(PgConnection.java:290)
	at org.postgresql.Driver.makeConnection(Driver.java:448)
	at org.postgresql.Driver.connect(Driver.java:298)
	at com.zaxxer.hikari.util.DriverDataSource.getConnection(DriverDataSource.java:144)
	at com.zaxxer.hikari.pool.PoolBase.newConnection(PoolBase.java:373)
	at com.zaxxer.hikari.pool.PoolBase.newPoolEntry(PoolBase.java:210)
	at com.zaxxer.hikari.pool.HikariPool.createPoolEntry(HikariPool.java:488)
	at com.zaxxer.hikari.pool.HikariPool.checkFailFast(HikariPool.java:576)
	at com.zaxxer.hikari.pool.HikariPool.<init>(HikariPool.java:97)
	at com.zaxxer.hikari.HikariDataSource.getConnection(HikariDataSource.java:111)
	at org.flywaydb.core.internal.jdbc.JdbcUtils.openConnection(JdbcUtils.java:65)
	... 23 common frames omitted
Caused by: java.net.UnknownHostException: app-db
	at java.base/sun.nio.ch.NioSocketImpl.connect(NioSocketImpl.java:567)
	at java.base/java.net.SocksSocketImpl.connect(SocksSocketImpl.java:327)
	at java.base/java.net.Socket.connect(Socket.java:751)
	at org.postgresql.core.PGStream.createSocket(PGStream.java:261)
	at org.postgresql.core.PGStream.<init>(PGStream.java:122)
	at org.postgresql.core.v3.ConnectionFactoryImpl.tryConnect(ConnectionFactoryImpl.java:146)
	at org.postgresql.core.v3.ConnectionFactoryImpl.openConnectionImpl(ConnectionFactoryImpl.java:289)
	... 35 common frames omitted
2026-03-10 17:18:45 [] INFO  c.a.backend.BankBackendApplication - Starting BankBackendApplication using Java 21.0.7 with PID 6698 (/home/baktiyar/java/bank-backend/target/classes started by baktiyar in /home/baktiyar/java/bank-backend)
2026-03-10 17:18:45 [] INFO  c.a.backend.BankBackendApplication - No active profile set, falling back to 1 default profile: "default"
2026-03-10 17:18:45 [] INFO  o.h.validator.internal.util.Version - HV000001: Hibernate Validator 9.0.1.Final
2026-03-10 17:18:46 [] INFO  o.s.d.r.c.RepositoryConfigurationDelegate - Bootstrapping Spring Data JPA repositories in DEFAULT mode.
2026-03-10 17:18:46 [] INFO  o.s.d.r.c.RepositoryConfigurationDelegate - Finished Spring Data repository scanning in 86 ms. Found 2 JPA repository interfaces.
2026-03-10 17:18:47 [] INFO  o.s.boot.tomcat.TomcatWebServer - Tomcat initialized with port 8080 (http)
2026-03-10 17:18:47 [] INFO  o.a.coyote.http11.Http11NioProtocol - Initializing ProtocolHandler ["http-nio-8080"]
2026-03-10 17:18:47 [] INFO  o.a.catalina.core.StandardService - Starting service [Tomcat]
2026-03-10 17:18:47 [] INFO  o.a.catalina.core.StandardEngine - Starting Servlet engine: [Apache Tomcat/11.0.18]
2026-03-10 17:18:47 [] INFO  o.s.b.w.c.s.WebApplicationContextInitializer - Root WebApplicationContext: initialization completed in 1953 ms
2026-03-10 17:18:48 [] INFO  com.zaxxer.hikari.HikariDataSource - HikariPool-1 - Starting...
2026-03-10 17:18:48 [] INFO  com.zaxxer.hikari.pool.HikariPool - HikariPool-1 - Added connection org.postgresql.jdbc.PgConnection@1b475663
2026-03-10 17:18:48 [] INFO  com.zaxxer.hikari.HikariDataSource - HikariPool-1 - Start completed.
2026-03-10 17:18:48 [] INFO  org.flywaydb.core.FlywayExecutor - Database: jdbc:postgresql://localhost:5432/bankdb (PostgreSQL 14.18)
2026-03-10 17:18:48 [] INFO  o.f.core.internal.command.DbValidate - Successfully validated 3 migrations (execution time 00:00.060s)
2026-03-10 17:18:48 [] INFO  o.f.core.internal.command.DbMigrate - Current version of schema "public": 3
2026-03-10 17:18:48 [] INFO  o.f.core.internal.command.DbMigrate - Schema "public" is up to date. No migration necessary.
2026-03-10 17:18:49 [] INFO  org.hibernate.orm.jpa - HHH008540: Processing PersistenceUnitInfo [name: default]
2026-03-10 17:18:49 [] INFO  org.hibernate.orm.core - HHH000001: Hibernate ORM core version 7.2.4.Final
2026-03-10 17:18:49 [] INFO  o.s.o.j.p.SpringPersistenceUnitInfo - No LoadTimeWeaver setup: ignoring JPA class transformer
2026-03-10 17:18:50 [] INFO  o.hibernate.orm.connections.pooling - HHH10001005: Database info:
	Database JDBC URL [jdbc:postgresql://localhost:5432/bankdb]
	Database driver: PostgreSQL JDBC Driver
	Database dialect: PostgreSQLDialect
	Database version: 14.18
	Default catalog/schema: bankdb/public
	Autocommit mode: undefined/unknown
	Isolation level: READ_COMMITTED [default READ_COMMITTED]
	JDBC fetch size: none
	Pool: DataSourceConnectionProvider
	Minimum pool size: undefined/unknown
	Maximum pool size: undefined/unknown
2026-03-10 17:18:51 [] INFO  org.hibernate.orm.core - HHH000489: No JTA platform available (set 'hibernate.transaction.jta.platform' to enable JTA platform integration)
2026-03-10 17:18:51 [] INFO  o.s.o.j.LocalContainerEntityManagerFactoryBean - Initialized JPA EntityManagerFactory for persistence unit 'default'
2026-03-10 17:18:51 [] INFO  o.s.d.j.r.q.QueryEnhancerFactories - Hibernate is in classpath; If applicable, HQL parser will be used.
2026-03-10 17:18:53 [] WARN  o.s.b.j.a.JpaBaseConfiguration$JpaWebConfiguration - spring.jpa.open-in-view is enabled by default. Therefore, database queries may be performed during view rendering. Explicitly configure spring.jpa.open-in-view to disable this warning
2026-03-10 17:18:53 [] INFO  o.a.coyote.http11.Http11NioProtocol - Starting ProtocolHandler ["http-nio-8080"]
2026-03-10 17:18:53 [] INFO  o.s.boot.tomcat.TomcatWebServer - Tomcat started on port 8080 (http) with context path '/'
2026-03-10 17:18:53 [] INFO  c.a.backend.BankBackendApplication - Started BankBackendApplication in 9.434 seconds (process running for 10.814)
2026-03-10 17:19:05 [] INFO  o.a.c.c.C.[Tomcat].[localhost].[/] - Initializing Spring DispatcherServlet 'dispatcherServlet'
2026-03-10 17:19:05 [] INFO  o.s.web.servlet.DispatcherServlet - Initializing Servlet 'dispatcherServlet'
2026-03-10 17:19:05 [] INFO  o.s.web.servlet.DispatcherServlet - Completed initialization in 3 ms
2026-03-10 17:19:05 [7d4f30a5] INFO  c.a.b.controller.TransferController - Запрос на перевод с счета ACC00000000000000002 на счет ACC00000000000000001 сумма 20.00
2026-03-10 17:19:05 [7d4f30a5] INFO  c.a.b.s.impl.TransferServiceImpl - Выполняем перевод DTO: CreateTransferDto[senderAccountNumber=ACC00000000000000002, receiverAccountNumber=ACC00000000000000001, amount=20.00]
2026-03-10 17:19:06 [7d4f30a5] INFO  c.a.b.s.i.FundsTransferServiceImpl - Начало перевода 20.00 с ACC00000000000000002 на ACC00000000000000001
2026-03-10 17:19:06 [7d4f30a5] INFO  c.a.b.s.i.FundsTransferServiceImpl - Статус транзакции: SUCCESS
2026-03-10 17:19:06 [7d4f30a5] INFO  c.a.b.s.i.FundsTransferServiceImpl - Транзакция 112 завершена. Балансы после: отправитель=5421.56, получатель=19507.12
2026-03-10 17:20:50 [396c7d03] INFO  c.a.b.controller.TransferController - Запрос на перевод с счета ACC00000000000000002 на счет ACC00000000000000001 сумма 2000000.00
2026-03-10 17:20:50 [396c7d03] INFO  c.a.b.s.impl.TransferServiceImpl - Выполняем перевод DTO: CreateTransferDto[senderAccountNumber=ACC00000000000000002, receiverAccountNumber=ACC00000000000000001, amount=2000000.00]
2026-03-10 17:20:50 [396c7d03] INFO  c.a.b.s.i.FundsTransferServiceImpl - Начало перевода 2000000.00 с ACC00000000000000002 на ACC00000000000000001
2026-03-10 17:20:50 [396c7d03] INFO  c.a.b.s.i.FundsTransferServiceImpl - Статус транзакции: FAILED
2026-03-10 17:20:50 [396c7d03] INFO  c.a.b.s.i.FundsTransferServiceImpl - Транзакция 113 завершена. Балансы после: отправитель=5421.56, получатель=19507.12
2026-03-10 17:27:42 [7d930369] INFO  c.a.b.controller.TransferController - Запрос на получение выписки по счету 99999999999999999999 с 2026-03-01 по 2026-03-10, страница 0, размер 10
2026-03-10 17:27:42 [7d930369] INFO  c.a.b.s.impl.TransferServiceImpl - Запрос выписки по счету 99999999999999999999 с 2026-03-01 по 2026-03-10, страница 0, размер 10
2026-03-10 17:32:41 [] INFO  o.s.boot.tomcat.GracefulShutdown - Commencing graceful shutdown. Waiting for active requests to complete
2026-03-10 17:32:41 [] INFO  o.s.boot.tomcat.GracefulShutdown - Graceful shutdown complete
2026-03-10 17:32:41 [] INFO  o.s.o.j.LocalContainerEntityManagerFactoryBean - Closing JPA EntityManagerFactory for persistence unit 'default'
2026-03-10 17:32:41 [] INFO  com.zaxxer.hikari.HikariDataSource - HikariPool-1 - Shutdown initiated...
2026-03-10 17:32:41 [] INFO  com.zaxxer.hikari.HikariDataSource - HikariPool-1 - Shutdown completed.
2026-03-10 20:47:31 [] INFO  c.a.backend.BankBackendApplication - Starting BankBackendApplication using Java 21.0.7 with PID 4847 (/home/baktiyar/java/bank-backend/target/classes started by baktiyar in /home/baktiyar/java/bank-backend)
2026-03-10 20:47:31 [] INFO  c.a.backend.BankBackendApplication - No active profile set, falling back to 1 default profile: "default"
2026-03-10 20:47:31 [] INFO  o.h.validator.internal.util.Version - HV000001: Hibernate Validator 9.0.1.Final
2026-03-10 20:47:32 [] INFO  o.s.d.r.c.RepositoryConfigurationDelegate - Bootstrapping Spring Data JPA repositories in DEFAULT mode.
2026-03-10 20:47:32 [] INFO  o.s.d.r.c.RepositoryConfigurationDelegate - Finished Spring Data repository scanning in 84 ms. Found 2 JPA repository interfaces.
2026-03-10 20:47:33 [] INFO  o.s.boot.tomcat.TomcatWebServer - Tomcat initialized with port 8080 (http)
2026-03-10 20:47:33 [] INFO  o.a.coyote.http11.Http11NioProtocol - Initializing ProtocolHandler ["http-nio-8080"]
2026-03-10 20:47:33 [] INFO  o.a.catalina.core.StandardService - Starting service [Tomcat]
2026-03-10 20:47:33 [] INFO  o.a.catalina.core.StandardEngine - Starting Servlet engine: [Apache Tomcat/11.0.18]
2026-03-10 20:47:33 [] INFO  o.s.b.w.c.s.WebApplicationContextInitializer - Root WebApplicationContext: initialization completed in 2121 ms
2026-03-10 20:47:34 [] INFO  com.zaxxer.hikari.HikariDataSource - HikariPool-1 - Starting...
2026-03-10 20:47:34 [] INFO  com.zaxxer.hikari.pool.HikariPool - HikariPool-1 - Added connection org.postgresql.jdbc.PgConnection@505f45cc
2026-03-10 20:47:34 [] INFO  com.zaxxer.hikari.HikariDataSource - HikariPool-1 - Start completed.
2026-03-10 20:47:34 [] INFO  org.flywaydb.core.FlywayExecutor - Database: jdbc:postgresql://localhost:5432/bankdb (PostgreSQL 14.18)
2026-03-10 20:47:35 [] INFO  o.f.core.internal.command.DbValidate - Successfully validated 3 migrations (execution time 00:00.079s)
2026-03-10 20:47:35 [] INFO  o.f.core.internal.command.DbMigrate - Current version of schema "public": 3
2026-03-10 20:47:35 [] INFO  o.f.core.internal.command.DbMigrate - Schema "public" is up to date. No migration necessary.
2026-03-10 20:47:35 [] INFO  org.hibernate.orm.jpa - HHH008540: Processing PersistenceUnitInfo [name: default]
2026-03-10 20:47:35 [] INFO  org.hibernate.orm.core - HHH000001: Hibernate ORM core version 7.2.4.Final
2026-03-10 20:47:36 [] INFO  o.s.o.j.p.SpringPersistenceUnitInfo - No LoadTimeWeaver setup: ignoring JPA class transformer
2026-03-10 20:47:36 [] INFO  o.hibernate.orm.connections.pooling - HHH10001005: Database info:
	Database JDBC URL [jdbc:postgresql://localhost:5432/bankdb]
	Database driver: PostgreSQL JDBC Driver
	Database dialect: PostgreSQLDialect
	Database version: 14.18
	Default catalog/schema: bankdb/public
	Autocommit mode: undefined/unknown
	Isolation level: READ_COMMITTED [default READ_COMMITTED]
	JDBC fetch size: none
	Pool: DataSourceConnectionProvider
	Minimum pool size: undefined/unknown
	Maximum pool size: undefined/unknown
2026-03-10 20:47:38 [] INFO  org.hibernate.orm.core - HHH000489: No JTA platform available (set 'hibernate.transaction.jta.platform' to enable JTA platform integration)
2026-03-10 20:47:38 [] INFO  o.s.o.j.LocalContainerEntityManagerFactoryBean - Initialized JPA EntityManagerFactory for persistence unit 'default'
2026-03-10 20:47:38 [] INFO  o.s.d.j.r.q.QueryEnhancerFactories - Hibernate is in classpath; If applicable, HQL parser will be used.
2026-03-10 20:47:40 [] WARN  o.s.b.j.a.JpaBaseConfiguration$JpaWebConfiguration - spring.jpa.open-in-view is enabled by default. Therefore, database queries may be performed during view rendering. Explicitly configure spring.jpa.open-in-view to disable this warning
2026-03-10 20:47:40 [] INFO  o.a.coyote.http11.Http11NioProtocol - Starting ProtocolHandler ["http-nio-8080"]
2026-03-10 20:47:40 [] INFO  o.s.boot.tomcat.TomcatWebServer - Tomcat started on port 8080 (http) with context path '/'
2026-03-10 20:47:40 [] INFO  c.a.backend.BankBackendApplication - Started BankBackendApplication in 10.367 seconds (process running for 12.48)
2026-03-10 20:47:50 [] INFO  o.a.c.c.C.[Tomcat].[localhost].[/] - Initializing Spring DispatcherServlet 'dispatcherServlet'
2026-03-10 20:47:50 [] INFO  o.s.web.servlet.DispatcherServlet - Initializing Servlet 'dispatcherServlet'
2026-03-10 20:47:50 [] INFO  o.s.web.servlet.DispatcherServlet - Completed initialization in 4 ms
2026-03-10 20:47:50 [37a81261] INFO  c.a.b.controller.TransferController - Запрос на получение выписки по счету 99999999999999999999 с 2026-03-01 по 2026-03-10, страница 0, размер 10
2026-03-10 20:47:50 [37a81261] INFO  c.a.b.s.impl.TransferServiceImpl - Запрос выписки по счету 99999999999999999999 с 2026-03-01 по 2026-03-10, страница 0, размер 10
2026-03-10 20:48:06 [] INFO  o.s.boot.tomcat.GracefulShutdown - Commencing graceful shutdown. Waiting for active requests to complete
2026-03-10 20:48:06 [] INFO  o.s.boot.tomcat.GracefulShutdown - Graceful shutdown complete
2026-03-10 20:48:06 [] INFO  o.s.o.j.LocalContainerEntityManagerFactoryBean - Closing JPA EntityManagerFactory for persistence unit 'default'
2026-03-10 20:48:06 [] INFO  com.zaxxer.hikari.HikariDataSource - HikariPool-1 - Shutdown initiated...
2026-03-10 20:48:06 [] INFO  com.zaxxer.hikari.HikariDataSource - HikariPool-1 - Shutdown completed.
